<?xml version="1.0" encoding="UTF-8"?>
<!-- Generated by org.testng.reporters.JUnitReportReporter -->
<testsuite skipped="0" hostname="Vepas-MacBook-Pro.local" name="com.syntax.testCases.ContactDetails" tests="1" failures="0" timestamp="2020-11-12T15:30:23 CST" time="41.988" errors="0">
  <testcase name="addContactDetails" time="41.988" classname="com.syntax.testCases.ContactDetails"/>
  <system-out/>
</testsuite> <!-- com.syntax.testCases.ContactDetails -->
