<?xml version="1.0" encoding="UTF-8"?>
<!-- Generated by org.testng.reporters.JUnitReportReporter -->
<testsuite skipped="0" hostname="Vepas-MacBook-Pro.local" name="com.syntax.testCases.Login" tests="3" failures="0" timestamp="2020-10-16T18:30:03 CDT" time="22.755" errors="0">
  <testcase name="login" time="3.832" classname="com.syntax.testCases.Login"/>
  <system-out/>
  <testcase name="loginInvalidUserName" time="10.737" classname="com.syntax.testCases.Login"/>
  <system-out/>
  <testcase name="loginInvalidPassword" time="8.186" classname="com.syntax.testCases.Login"/>
  <system-out/>
</testsuite> <!-- com.syntax.testCases.Login -->
